Determining if the function clock_gettime exists in the rt failed with the following output:
Change Dir: /Users/longtran/VMO/twain-rabbitmq-client/build/CMakeFiles/CMakeTmp

Run Build Command(s):/usr/bin/make cmTC_94d2a/fast && /Library/Developer/CommandLineTools/usr/bin/make  -f CMakeFiles/cmTC_94d2a.dir/build.make CMakeFiles/cmTC_94d2a.dir/build
Building C object CMakeFiles/cmTC_94d2a.dir/CheckFunctionExists.c.o
/Library/Developer/CommandLineTools/usr/bin/cc   -DCHECK_FUNCTION_EXISTS=clock_gettime -o CMakeFiles/cmTC_94d2a.dir/CheckFunctionExists.c.o -c /usr/local/Cellar/cmake/3.18.3/share/cmake/Modules/CheckFunctionExists.c
Linking C executable cmTC_94d2a
/usr/local/Cellar/cmake/3.18.3/bin/cmake -E cmake_link_script CMakeFiles/cmTC_94d2a.dir/link.txt --verbose=1
/Library/Developer/CommandLineTools/usr/bin/cc  -DCHECK_FUNCTION_EXISTS=clock_gettime -Wl,-search_paths_first -Wl,-headerpad_max_install_names CMakeFiles/cmTC_94d2a.dir/CheckFunctionExists.c.o -o cmTC_94d2a   -L/Users/longtran/VMO/twain-rabbitmq-client/build/CMakeFiles/CMakeTmp/time.h  -Wl,-rpath,/Users/longtran/VMO/twain-rabbitmq-client/build/CMakeFiles/CMakeTmp/time.h -lrt 
ld: warning: directory not found for option '-L/Users/longtran/VMO/twain-rabbitmq-client/build/CMakeFiles/CMakeTmp/time.h'
ld: library not found for -lrt
clang: error: linker command failed with exit code 1 (use -v to see invocation)
make[1]: *** [cmTC_94d2a] Error 1
make: *** [cmTC_94d2a/fast] Error 2



Determining if the function posix_spawnp exists in the rt failed with the following output:
Change Dir: /Users/longtran/VMO/twain-rabbitmq-client/build/CMakeFiles/CMakeTmp

Run Build Command(s):/usr/bin/make cmTC_56baa/fast && /Library/Developer/CommandLineTools/usr/bin/make  -f CMakeFiles/cmTC_56baa.dir/build.make CMakeFiles/cmTC_56baa.dir/build
Building C object CMakeFiles/cmTC_56baa.dir/CheckFunctionExists.c.o
/Library/Developer/CommandLineTools/usr/bin/cc   -DCHECK_FUNCTION_EXISTS=posix_spawnp -o CMakeFiles/cmTC_56baa.dir/CheckFunctionExists.c.o -c /usr/local/Cellar/cmake/3.18.3/share/cmake/Modules/CheckFunctionExists.c
Linking C executable cmTC_56baa
/usr/local/Cellar/cmake/3.18.3/bin/cmake -E cmake_link_script CMakeFiles/cmTC_56baa.dir/link.txt --verbose=1
/Library/Developer/CommandLineTools/usr/bin/cc  -DCHECK_FUNCTION_EXISTS=posix_spawnp -Wl,-search_paths_first -Wl,-headerpad_max_install_names CMakeFiles/cmTC_56baa.dir/CheckFunctionExists.c.o -o cmTC_56baa   -L/Users/longtran/VMO/twain-rabbitmq-client/build/CMakeFiles/CMakeTmp/spawn.h  -Wl,-rpath,/Users/longtran/VMO/twain-rabbitmq-client/build/CMakeFiles/CMakeTmp/spawn.h -lrt 
ld: warning: directory not found for option '-L/Users/longtran/VMO/twain-rabbitmq-client/build/CMakeFiles/CMakeTmp/spawn.h'
ld: library not found for -lrt
clang: error: linker command failed with exit code 1 (use -v to see invocation)
make[1]: *** [cmTC_56baa] Error 1
make: *** [cmTC_56baa/fast] Error 2



